Build started 2017-05-11 19:31:25.
     1>Project "C:\Users\Sharas\documents\visual studio 2015\Projects\OpenCV_Numbers\OpenCV_Numbers.vcxproj" on node 2 (Build target(s)).
     1>ClCompile:
         C:\Program Files (x86)\Microsoft Visual Studio 14.0\VC\bin\x86_amd64\CL.exe /c /ZI /nologo /W3 /WX- /sdl /Od /D _MBCS /Gm /EHsc /RTC1 /MDd /GS /fp:precise /Zc:wchar_t /Zc:forScope /Zc:inline /Fo"x64\Debug\\" /Fd"x64\Debug\vc140.pdb" /Gd /TP /errorReport:prompt PossibleChar.cpp Recognition.cpp
         Recognition.cpp
     1>c:\opencv-3.2.0\opencv\build\include\opencv2\imgproc.hpp(592): warning C4819: The file contains a character that cannot be represented in the current code page (1257). Save the file in Unicode format to prevent data loss
     1>c:\opencv-3.2.0\opencv\build\include\opencv2\imgproc.hpp(4028): warning C4819: The file contains a character that cannot be represented in the current code page (1257). Save the file in Unicode format to prevent data loss
     1>c:\users\sharas\documents\visual studio 2015\projects\opencv_numbers\recognition.cpp(163): warning C4244: '=': conversion from 'double' to 'float', possible loss of data
         PossibleChar.cpp
     1>c:\opencv-3.2.0\opencv\build\include\opencv2\imgproc.hpp(592): warning C4819: The file contains a character that cannot be represented in the current code page (1257). Save the file in Unicode format to prevent data loss
     1>c:\opencv-3.2.0\opencv\build\include\opencv2\imgproc.hpp(4028): warning C4819: The file contains a character that cannot be represented in the current code page (1257). Save the file in Unicode format to prevent data loss
         Generating Code...
     1>c:\users\sharas\documents\visual studio 2015\projects\opencv_numbers\recognition.cpp(44): warning C4715: 'ContourWithData::checkIfContourIsValid': not all control paths return a value
       Link:
         C:\Program Files (x86)\Microsoft Visual Studio 14.0\VC\bin\x86_amd64\link.exe /ERRORREPORT:PROMPT /OUT:"C:\Users\Sharas\documents\visual studio 2015\Projects\OpenCV_Numbers\x64\Debug\OpenCV_Numbers.exe" /INCREMENTAL /NOLOGO opencv_world320d.lib kernel32.lib user32.lib gdi32.lib winspool.lib comdlg32.lib advapi32.lib shell32.lib ole32.lib oleaut32.lib uuid.lib odbc32.lib odbccp32.lib /MANIFEST /MANIFESTUAC:"level='asInvoker' uiAccess='false'" /manifest:embed /Debug /PDB:"C:\Users\Sharas\documents\visual studio 2015\Projects\OpenCV_Numbers\x64\Debug\OpenCV_Numbers.pdb" /TLBID:1 /DYNAMICBASE /NXCOMPAT /IMPLIB:"C:\Users\Sharas\documents\visual studio 2015\Projects\OpenCV_Numbers\x64\Debug\OpenCV_Numbers.lib" /MACHINE:X64 x64\Debug\PossibleChar.obj
         x64\Debug\Recognition.obj
         OpenCV_Numbers.vcxproj -> C:\Users\Sharas\documents\visual studio 2015\Projects\OpenCV_Numbers\x64\Debug\OpenCV_Numbers.exe
     1>Done Building Project "C:\Users\Sharas\documents\visual studio 2015\Projects\OpenCV_Numbers\OpenCV_Numbers.vcxproj" (Build target(s)).

Build succeeded.

Time Elapsed 00:00:07.94
